SF:lib\data\datasources\movie_local_data_source.dart
DA:14,1
DA:16,1
DA:19,2
DA:22,2
DA:26,1
DA:29,2
DA:32,2
DA:36,1
DA:38,2
DA:40,1
DA:46,1
DA:48,2
DA:49,4
LF:13
LH:13
end_of_record
SF:lib\data\models\movie_table.dart
DA:12,16
DA:19,2
DA:20,1
DA:21,1
DA:22,1
DA:23,1
DA:26,2
DA:27,1
DA:28,1
DA:29,1
DA:30,1
DA:33,0
DA:34,0
DA:35,0
DA:36,0
DA:37,0
DA:40,2
DA:41,1
DA:42,1
DA:43,1
DA:44,1
DA:54,2
DA:55,10
LF:23
LH:18
end_of_record
SF:lib\domain\entities\genre.dart
DA:4,15
DA:12,2
DA:13,6
LF:3
LH:3
end_of_record
SF:lib\domain\entities\movie.dart
DA:4,13
DA:20,2
DA:41,8
DA:42,8
DA:43,8
DA:44,8
DA:45,8
DA:46,8
DA:47,8
DA:48,8
DA:49,8
DA:50,8
DA:51,8
DA:52,8
DA:53,8
DA:54,8
DA:55,8
LF:17
LH:17
end_of_record
SF:lib\domain\entities\movie_detail.dart
DA:5,15
DA:33,2
DA:34,2
DA:35,2
DA:36,2
DA:37,2
DA:38,2
DA:39,2
DA:40,2
DA:41,2
DA:42,2
DA:43,2
DA:44,2
DA:45,2
LF:14
LH:14
end_of_record
SF:lib\data\models\movie_model.dart
DA:5,5
DA:35,4
DA:36,2
DA:37,2
DA:38,8
DA:39,2
DA:40,2
DA:41,2
DA:42,4
DA:43,2
DA:44,2
DA:45,2
DA:46,2
DA:47,4
DA:48,2
DA:51,2
DA:52,1
DA:53,1
DA:54,4
DA:55,1
DA:56,1
DA:57,1
DA:58,1
DA:59,1
DA:60,1
DA:61,1
DA:62,1
DA:63,1
DA:64,1
DA:67,2
DA:68,2
DA:69,2
DA:70,2
DA:71,2
DA:72,2
DA:73,2
DA:74,2
DA:75,2
DA:76,2
DA:77,2
DA:78,2
DA:79,2
DA:80,2
DA:81,2
DA:85,2
DA:86,2
DA:87,2
DA:88,2
DA:89,2
DA:90,2
DA:91,2
DA:92,2
DA:93,2
DA:94,2
DA:95,2
DA:96,2
DA:97,2
DA:98,2
DA:99,2
LF:59
LH:59
end_of_record
SF:lib\data\datasources\movie_remote_data_source.dart
DA:24,1
DA:26,1
DA:29,4
DA:31,2
DA:32,4
DA:34,1
DA:38,1
DA:41,4
DA:43,2
DA:44,3
DA:46,1
DA:50,1
DA:52,1
DA:53,3
DA:55,2
DA:56,4
DA:58,1
DA:62,1
DA:65,4
DA:67,2
DA:68,4
DA:70,1
DA:74,1
DA:77,4
DA:79,2
DA:80,4
DA:82,1
DA:86,1
DA:88,1
DA:89,3
DA:91,2
DA:92,4
DA:94,1
LF:33
LH:33
end_of_record
SF:lib\data\models\movie_detail_model.dart
DA:6,2
DA:52,1
DA:53,1
DA:54,1
DA:55,1
DA:56,1
DA:57,1
DA:58,4
DA:59,1
DA:60,1
DA:61,1
DA:62,1
DA:63,1
DA:64,1
DA:65,2
DA:66,1
DA:67,1
DA:68,1
DA:69,1
DA:70,1
DA:71,1
DA:72,1
DA:73,1
DA:74,2
DA:75,1
DA:78,1
DA:79,1
DA:80,1
DA:81,1
DA:82,5
DA:83,1
DA:84,1
DA:85,1
DA:86,1
DA:87,1
DA:88,1
DA:89,1
DA:90,1
DA:91,1
DA:95,1
DA:96,1
DA:97,1
DA:98,1
DA:99,1
DA:100,1
DA:101,1
DA:102,1
DA:103,1
DA:104,1
DA:105,1
DA:106,1
DA:107,1
DA:108,1
DA:109,1
DA:110,1
DA:111,1
DA:112,1
DA:113,1
DA:114,1
DA:115,1
DA:116,1
DA:117,1
LF:62
LH:62
end_of_record
SF:lib\data\models\movie_response.dart
DA:7,3
DA:9,4
DA:10,4
DA:11,6
DA:12,6
DA:15,2
DA:16,5
DA:19,1
DA:20,2
LF:9
LH:9
end_of_record
SF:lib\data\models\genre_model.dart
DA:5,2
DA:13,2
DA:14,1
DA:15,1
DA:18,0
DA:19,0
DA:20,0
DA:23,1
DA:24,3
DA:27,1
DA:28,3
LF:11
LH:8
end_of_record
SF:lib\data\repositories\movie_repository_impl.dart
DA:16,1
DA:21,1
DA:24,2
DA:25,5
DA:26,1
DA:28,1
DA:35,1
DA:38,2
DA:39,2
DA:40,1
DA:42,1
DA:47,1
DA:50,2
DA:51,3
DA:52,1
DA:54,1
DA:59,1
DA:62,2
DA:63,5
DA:64,1
DA:66,1
DA:71,1
DA:74,2
DA:75,5
DA:76,1
DA:78,1
DA:83,1
DA:86,2
DA:87,5
DA:88,1
DA:90,1
DA:95,1
DA:99,3
DA:100,1
DA:101,1
DA:102,3
DA:108,1
DA:112,3
DA:113,1
DA:114,1
DA:115,3
DA:121,1
DA:123,2
DA:127,1
DA:129,2
DA:130,5
LF:46
LH:46
end_of_record
SF:lib\domain\usecases\get_movie_detail.dart
DA:9,1
DA:11,1
DA:12,2
LF:3
LH:3
end_of_record
SF:lib\domain\usecases\get_movie_recommendations.dart
DA:9,1
DA:11,1
DA:12,2
LF:3
LH:3
end_of_record
SF:lib\domain\usecases\get_now_playing_movies.dart
DA:9,1
DA:11,1
DA:12,2
LF:3
LH:3
end_of_record
SF:lib\domain\usecases\get_popular_movies.dart
DA:9,1
DA:11,1
DA:12,2
LF:3
LH:3
end_of_record
SF:lib\domain\usecases\get_top_rated_movies.dart
DA:9,1
DA:11,1
DA:12,2
LF:3
LH:3
end_of_record
SF:lib\domain\usecases\get_watchlist_movies.dart
DA:9,1
DA:11,1
DA:12,2
LF:3
LH:3
end_of_record
SF:lib\domain\usecases\get_watchlist_status.dart
DA:6,1
DA:8,1
DA:9,2
LF:3
LH:3
end_of_record
SF:lib\domain\usecases\remove_watchlist.dart
DA:9,1
DA:11,1
DA:12,2
LF:3
LH:3
end_of_record
SF:lib\domain\usecases\save_watchlist.dart
DA:9,1
DA:11,1
DA:12,2
LF:3
LH:3
end_of_record
SF:lib\domain\usecases\search_movies.dart
DA:9,1
DA:11,1
DA:12,2
LF:3
LH:3
end_of_record
SF:lib\presentation\blocs\detail_movie_bloc.dart
DA:9,1
DA:10,2
DA:11,2
DA:12,1
DA:14,2
DA:15,2
DA:17,1
DA:18,4
DA:19,3
DA:27,4
DA:29,1
DA:30,1
DA:38,3
DA:40,1
DA:41,2
DA:49,3
DA:51,1
DA:52,2
DA:57,2
DA:59,0
DA:60,0
DA:66,2
DA:68,0
DA:69,0
LF:24
LH:20
end_of_record
SF:lib\presentation\blocs\now_playing_movie_bloc.dart
DA:10,1
DA:11,2
DA:12,2
DA:13,2
DA:14,2
DA:16,1
DA:17,4
DA:18,3
DA:26,2
DA:28,1
DA:29,1
DA:39,2
DA:41,1
DA:42,2
DA:48,1
DA:50,1
DA:51,2
DA:56,1
DA:58,0
DA:59,0
LF:20
LH:18
end_of_record
SF:lib\presentation\blocs\popular_movie_bloc.dart
DA:9,1
DA:10,2
DA:11,2
DA:12,2
DA:13,2
DA:15,1
DA:16,4
DA:17,3
DA:25,4
DA:27,1
DA:28,1
DA:38,3
DA:40,1
DA:41,2
DA:47,2
DA:49,1
DA:50,2
DA:55,2
DA:57,0
DA:58,0
LF:20
LH:18
end_of_record
SF:lib\presentation\blocs\recommendation_movie_bloc.dart
DA:10,1
DA:11,2
DA:12,2
DA:13,1
DA:14,2
DA:16,2
DA:18,1
DA:19,1
DA:20,3
DA:21,3
DA:29,4
DA:31,1
DA:32,1
DA:42,3
DA:44,1
DA:45,2
DA:51,2
DA:53,1
DA:54,2
DA:59,2
DA:61,0
DA:62,0
DA:68,2
DA:70,0
DA:71,0
LF:25
LH:21
end_of_record
SF:lib\presentation\blocs\top_rated_movie_bloc.dart
DA:9,1
DA:10,2
DA:11,2
DA:12,2
DA:13,2
DA:15,1
DA:16,4
DA:17,3
DA:25,4
DA:27,1
DA:28,1
DA:38,3
DA:40,1
DA:41,2
DA:47,2
DA:49,1
DA:50,2
DA:55,2
DA:57,0
DA:58,0
LF:20
LH:18
end_of_record
SF:lib\presentation\blocs\watchlist_movie_bloc.dart
DA:10,1
DA:11,2
DA:12,2
DA:13,2
DA:14,2
DA:16,1
DA:17,4
DA:18,3
DA:26,4
DA:28,1
DA:29,1
DA:39,3
DA:41,1
DA:42,2
DA:48,2
DA:50,1
DA:51,2
DA:56,2
DA:58,0
DA:59,0
LF:20
LH:18
end_of_record
SF:lib\presentation\blocs\search_movie_bloc.dart
DA:10,1
DA:11,2
DA:12,2
DA:13,1
DA:15,2
DA:16,2
DA:18,1
DA:19,4
DA:20,3
DA:22,1
DA:25,1
DA:26,3
DA:32,4
DA:34,1
DA:35,1
DA:45,3
DA:47,1
DA:48,2
DA:53,2
DA:55,1
DA:56,2
DA:61,1
DA:63,0
DA:64,0
DA:70,1
DA:72,0
DA:73,0
LF:27
LH:23
end_of_record
SF:lib\presentation\blocs\watchlist_status_movie_cubit.dart
DA:16,1
DA:20,1
DA:22,1
DA:23,2
DA:24,2
DA:27,1
DA:28,2
DA:29,3
DA:31,1
DA:32,1
DA:33,2
DA:34,1
DA:38,1
DA:39,2
DA:47,1
DA:48,2
DA:49,3
DA:51,1
DA:52,1
DA:53,2
DA:54,1
DA:58,1
DA:59,2
DA:72,5
DA:77,1
DA:78,2
LF:26
LH:26
end_of_record
SF:lib\presentation\pages\popular_movies_page.dart
DA:7,1
DA:9,1
DA:10,1
DA:14,1
DA:16,1
DA:17,1
DA:18,5
DA:21,1
DA:23,1
DA:24,1
DA:27,1
DA:29,1
DA:30,1
DA:31,1
DA:35,1
DA:36,1
DA:37,1
DA:38,2
DA:39,1
DA:41,2
DA:43,1
DA:45,1
DA:46,1
DA:48,2
LF:24
LH:24
end_of_record
SF:lib\presentation\widgets\movie_card_list.dart
DA:9,4
DA:11,4
DA:13,4
DA:15,4
DA:16,0
DA:17,0
DA:20,0
DA:23,4
DA:25,4
DA:26,4
DA:27,4
DA:33,4
DA:35,4
DA:36,4
DA:37,8
DA:40,4
DA:43,4
DA:44,8
DA:52,4
DA:57,4
DA:59,4
DA:60,12
DA:62,4
DA:65,0
LF:24
LH:20
end_of_record
SF:lib\presentation\pages\search_movie_page.dart
DA:9,1
DA:11,1
DA:13,1
DA:14,0
DA:15,1
DA:16,1
DA:19,1
DA:21,1
DA:23,1
DA:24,1
DA:25,0
DA:27,0
DA:28,0
DA:38,1
DA:40,1
DA:42,1
DA:43,1
DA:44,1
DA:46,1
DA:47,1
DA:48,1
DA:55,1
DA:56,1
DA:58,1
DA:59,2
DA:60,1
DA:62,1
DA:65,1
DA:71,1
DA:72,1
DA:73,1
DA:75,1
DA:78,0
DA:79,0
LF:34
LH:28
end_of_record
SF:lib\presentation\widgets\movie_not_found_widget.dart
DA:7,3
DA:12,0
DA:14,0
DA:15,0
DA:17,0
DA:18,0
DA:20,0
DA:21,0
DA:22,0
LF:9
LH:1
end_of_record
SF:lib\presentation\pages\movie_detail_page.dart
DA:15,2
DA:17,1
DA:18,1
DA:22,1
DA:24,1
DA:25,2
DA:26,6
DA:27,1
DA:28,1
DA:29,4
DA:30,5
DA:34,1
DA:36,1
DA:37,1
DA:38,1
DA:39,1
DA:41,1
DA:42,1
DA:43,2
DA:45,1
DA:46,1
DA:47,1
DA:49,1
DA:51,1
DA:65,2
DA:67,1
DA:69,3
DA:70,1
DA:71,1
DA:72,1
DA:73,3
DA:75,1
DA:78,0
DA:80,1
DA:82,1
DA:83,1
DA:84,1
DA:94,1
DA:95,1
DA:96,1
DA:98,1
DA:100,1
DA:102,1
DA:103,1
DA:104,2
DA:105,1
DA:107,1
DA:109,1
DA:110,1
DA:111,1
DA:112,0
DA:115,0
DA:116,0
DA:119,0
DA:120,0
DA:124,0
DA:125,0
DA:126,0
DA:128,0
DA:131,0
DA:134,0
DA:135,0
DA:136,0
DA:137,0
DA:138,0
DA:140,0
DA:142,0
DA:143,0
DA:144,0
DA:149,1
DA:151,1
DA:161,1
DA:162,3
DA:164,1
DA:165,3
DA:167,1
DA:168,1
DA:169,1
DA:170,3
DA:172,1
DA:178,4
DA:182,1
DA:184,1
DA:186,1
DA:187,2
DA:190,1
DA:192,1
DA:195,1
DA:197,1
DA:198,1
DA:203,1
DA:204,0
DA:206,1
DA:207,1
DA:209,1
DA:211,1
DA:212,2
DA:213,1
DA:215,1
DA:216,0
DA:217,0
DA:220,0
DA:223,1
DA:228,1
DA:230,2
DA:231,1
DA:237,0
DA:244,2
DA:248,0
DA:263,1
DA:265,1
DA:280,1
DA:282,1
DA:285,1
DA:287,0
DA:288,0
DA:297,1
DA:299,2
DA:300,3
DA:303,1
DA:307,3
DA:310,1
DA:311,1
DA:312,1
DA:314,1
DA:315,1
DA:317,0
LF:127
LH:98
end_of_record
SF:lib\presentation\pages\top_rated_movies_page.dart
DA:7,1
DA:9,1
DA:10,1
DA:14,1
DA:16,1
DA:17,1
DA:18,5
DA:21,1
DA:23,1
DA:24,1
DA:27,1
DA:29,1
DA:30,1
DA:31,1
DA:33,1
DA:34,1
DA:35,1
DA:36,2
DA:37,1
DA:39,2
DA:41,1
DA:42,1
DA:44,2
DA:46,1
LF:24
LH:24
end_of_record
SF:lib\presentation\pages\watchlist_movies_page.dart
DA:9,1
DA:11,1
DA:12,1
DA:17,1
DA:19,1
DA:20,1
DA:21,5
DA:24,1
DA:26,1
DA:27,4
DA:30,0
DA:32,0
DA:35,1
DA:37,1
DA:38,1
DA:41,1
DA:43,1
DA:44,1
DA:45,1
DA:47,1
DA:48,2
DA:53,1
DA:54,1
DA:55,2
DA:56,1
DA:58,2
DA:60,1
DA:64,1
DA:65,1
DA:67,2
DA:78,1
DA:80,2
DA:81,1
LF:33
LH:31
end_of_record
