SF:lib\data\datasource\tv_local_data_source.dart
DA:14,1
DA:16,1
DA:18,2
DA:20,1
DA:26,1
DA:28,2
DA:29,4
DA:32,1
DA:35,2
DA:38,2
DA:42,1
DA:45,2
DA:48,2
LF:13
LH:13
end_of_record
SF:lib\data\models\tv_table.dart
DA:11,16
DA:18,2
DA:19,1
DA:20,1
DA:21,1
DA:22,1
DA:25,0
DA:26,0
DA:27,0
DA:28,0
DA:29,0
DA:32,2
DA:33,1
DA:34,1
DA:35,1
DA:36,1
DA:38,2
DA:39,4
DA:41,2
DA:42,10
LF:20
LH:15
end_of_record
SF:lib\domain\entities\episode.dart
DA:4,15
DA:36,1
DA:37,1
DA:38,1
DA:39,1
DA:40,1
DA:41,1
DA:42,1
DA:43,1
DA:44,1
DA:45,1
DA:46,1
DA:47,1
DA:48,1
DA:49,1
DA:50,1
DA:51,1
LF:17
LH:17
end_of_record
SF:lib\domain\entities\genre.dart
DA:4,15
DA:12,2
DA:13,6
LF:3
LH:3
end_of_record
SF:lib\domain\entities\season.dart
DA:4,15
DA:22,2
DA:23,2
DA:24,2
DA:25,2
DA:26,2
DA:27,2
DA:29,2
DA:30,2
LF:9
LH:9
end_of_record
SF:lib\domain\entities\season_detail.dart
DA:5,15
DA:25,1
DA:26,1
DA:27,1
DA:28,1
DA:29,1
DA:30,1
DA:31,1
DA:32,1
DA:33,1
DA:34,1
LF:11
LH:11
end_of_record
SF:lib\domain\entities\tv.dart
DA:4,12
DA:20,2
DA:41,8
DA:42,8
DA:43,8
DA:44,8
DA:45,8
DA:46,8
DA:47,8
DA:48,8
DA:49,8
DA:50,8
DA:51,8
DA:52,8
DA:53,8
DA:54,8
DA:55,8
LF:17
LH:17
end_of_record
SF:lib\domain\entities\tv_detail.dart
DA:6,15
DA:56,2
DA:57,2
DA:58,2
DA:59,2
DA:60,2
DA:61,2
DA:62,2
DA:63,2
DA:64,2
DA:65,2
DA:66,2
DA:67,2
DA:68,2
DA:69,2
DA:70,2
DA:71,2
DA:72,2
DA:73,2
DA:74,2
DA:75,2
DA:76,2
DA:77,2
DA:78,2
DA:79,2
DA:80,2
LF:26
LH:26
end_of_record
SF:lib\data\datasource\tv_remote_data_source.dart
DA:26,1
DA:28,1
DA:31,4
DA:33,2
DA:34,4
DA:36,1
DA:40,1
DA:43,4
DA:45,2
DA:46,4
DA:48,1
DA:52,1
DA:54,4
DA:56,2
DA:57,3
DA:59,1
DA:63,1
DA:65,1
DA:66,3
DA:68,2
DA:69,4
DA:71,1
DA:75,1
DA:78,4
DA:80,2
DA:81,4
DA:83,1
DA:87,1
DA:89,1
DA:90,3
DA:92,2
DA:93,4
DA:95,1
DA:99,1
DA:102,1
DA:103,3
DA:105,2
DA:106,3
DA:108,1
LF:39
LH:39
end_of_record
SF:lib\data\models\tv_detail_response.dart
DA:10,2
DA:78,1
DA:79,1
DA:80,1
DA:81,1
DA:82,3
DA:83,4
DA:84,2
DA:85,1
DA:86,4
DA:87,1
DA:88,1
DA:89,1
DA:90,4
DA:91,2
DA:93,2
DA:94,1
DA:95,1
DA:96,1
DA:97,4
DA:98,1
DA:99,1
DA:100,4
DA:101,1
DA:102,1
DA:103,1
DA:104,2
DA:105,1
DA:107,3
DA:109,4
DA:110,1
DA:111,4
DA:112,2
DA:113,3
DA:114,1
DA:115,1
DA:116,1
DA:117,2
DA:118,1
DA:121,1
DA:122,1
DA:123,1
DA:124,5
DA:125,1
DA:126,1
DA:127,1
DA:128,1
DA:129,1
DA:130,1
DA:131,1
DA:132,1
DA:133,5
DA:134,1
DA:135,1
DA:136,1
DA:137,1
DA:138,1
DA:139,1
DA:140,1
DA:141,1
DA:142,1
DA:143,1
DA:144,1
DA:145,1
DA:149,1
DA:150,1
DA:151,1
DA:152,1
DA:153,1
DA:154,1
DA:155,1
DA:156,1
DA:157,1
DA:158,1
DA:159,1
DA:160,1
DA:161,1
DA:162,1
DA:163,1
DA:164,1
DA:165,1
DA:166,1
DA:167,1
DA:168,1
DA:169,1
DA:170,1
DA:171,1
DA:172,1
DA:173,1
DA:174,1
DA:175,1
DA:176,1
DA:177,1
DA:178,1
DA:179,1
DA:180,1
DA:181,1
DA:182,1
LF:98
LH:98
end_of_record
SF:lib\data\models\tv_response.dart
DA:5,2
DA:17,4
DA:18,2
DA:19,4
DA:20,6
DA:21,6
DA:22,2
DA:23,2
DA:26,2
DA:27,1
DA:28,5
DA:29,1
DA:30,1
DA:33,1
DA:34,1
DA:35,1
DA:36,1
DA:37,1
DA:38,1
LF:19
LH:19
end_of_record
SF:lib\data\models\tv_season\season_detail_response.dart
DA:6,2
DA:26,1
DA:27,1
DA:28,1
DA:29,1
DA:30,1
DA:31,4
DA:32,1
DA:33,1
DA:34,1
DA:35,1
DA:36,1
DA:50,1
DA:51,1
DA:52,1
DA:53,1
DA:54,5
DA:55,1
DA:56,1
DA:57,1
DA:58,1
DA:59,1
DA:63,1
DA:64,1
DA:65,1
DA:66,1
DA:67,1
DA:68,1
DA:69,1
DA:70,1
DA:71,1
DA:72,1
LF:32
LH:32
end_of_record
SF:lib\data\models\tv_model.dart
DA:5,4
DA:35,4
DA:36,2
DA:38,6
DA:40,4
DA:41,8
DA:42,2
DA:43,2
DA:44,8
DA:45,2
DA:46,2
DA:47,2
DA:48,4
DA:49,2
DA:50,4
DA:51,2
DA:54,2
DA:55,1
DA:57,13
DA:58,4
DA:59,1
DA:60,1
DA:61,4
DA:62,1
DA:63,1
DA:64,1
DA:65,1
DA:66,1
DA:67,1
DA:68,1
DA:71,2
DA:72,2
DA:73,2
DA:74,2
DA:75,2
DA:76,2
DA:77,2
DA:78,2
DA:79,2
DA:80,2
DA:81,2
DA:82,2
DA:83,2
DA:84,2
DA:85,2
DA:89,2
DA:90,2
DA:91,2
DA:92,2
DA:93,2
DA:94,2
DA:95,2
DA:96,2
DA:97,2
DA:98,2
DA:99,2
DA:100,2
DA:101,2
DA:102,2
DA:103,2
LF:60
LH:60
end_of_record
SF:lib\data\models\genre_model.dart
DA:5,2
DA:13,2
DA:14,1
DA:15,1
DA:23,1
DA:24,3
DA:27,1
DA:28,3
LF:8
LH:8
end_of_record
SF:lib\data\models\last_episode_to_air_model.dart
DA:4,2
DA:32,1
DA:33,1
DA:34,2
DA:35,1
DA:36,1
DA:37,1
DA:38,1
DA:39,1
DA:40,1
DA:41,1
DA:42,1
DA:43,1
DA:44,1
DA:45,1
DA:64,1
DA:65,1
DA:66,1
DA:67,1
DA:68,1
DA:69,1
DA:70,1
DA:71,1
DA:72,1
DA:73,1
DA:74,1
DA:75,1
LF:27
LH:27
end_of_record
SF:lib\data\models\network_model.dart
DA:4,2
DA:16,2
DA:17,1
DA:18,1
DA:19,1
DA:20,1
DA:30,1
DA:31,1
DA:32,1
DA:33,1
DA:34,1
DA:35,1
LF:12
LH:12
end_of_record
SF:lib\data\models\season_model.dart
DA:5,2
DA:23,2
DA:24,3
DA:26,2
DA:27,1
DA:28,1
DA:29,1
DA:30,1
DA:31,1
DA:32,1
DA:47,1
DA:48,1
DA:49,1
DA:50,1
DA:51,1
DA:52,1
DA:53,1
DA:54,1
DA:55,1
DA:59,1
DA:60,1
DA:61,1
DA:62,1
DA:63,1
DA:64,1
DA:66,1
DA:67,1
LF:27
LH:27
end_of_record
SF:lib\data\models\spoken_language_model.dart
DA:4,2
DA:14,1
DA:15,1
DA:16,1
DA:17,1
DA:18,1
DA:27,1
DA:28,1
DA:29,1
DA:30,1
DA:31,1
LF:11
LH:11
end_of_record
SF:lib\data\models\tv_season\episode_model.dart
DA:5,2
DA:37,2
DA:38,1
DA:39,1
DA:40,1
DA:41,1
DA:42,1
DA:43,1
DA:44,1
DA:45,1
DA:46,1
DA:47,1
DA:48,2
DA:49,1
DA:50,3
DA:51,3
DA:71,1
DA:72,1
DA:73,1
DA:74,1
DA:75,1
DA:76,1
DA:77,1
DA:78,1
DA:79,1
DA:80,1
DA:81,1
DA:82,1
DA:83,1
DA:84,1
DA:85,1
DA:86,1
DA:90,1
DA:91,1
DA:92,1
DA:93,1
DA:94,1
DA:95,1
DA:96,1
DA:97,1
DA:98,1
DA:99,1
DA:100,1
DA:101,1
DA:102,1
DA:103,1
DA:104,1
DA:105,1
LF:48
LH:48
end_of_record
SF:lib\data\repositories\tv_repository_impl.dart
DA:17,1
DA:22,1
DA:25,2
DA:26,5
DA:27,1
DA:29,0
DA:31,0
DA:36,1
DA:39,2
DA:40,5
DA:41,1
DA:43,1
DA:45,0
DA:50,1
DA:53,2
DA:54,2
DA:55,1
DA:57,1
DA:59,0
DA:64,1
DA:67,2
DA:68,3
DA:69,1
DA:71,1
DA:73,0
DA:78,1
DA:81,2
DA:82,5
DA:83,1
DA:85,1
DA:87,0
DA:92,1
DA:95,2
DA:96,5
DA:97,1
DA:99,1
DA:101,0
DA:106,1
DA:110,2
DA:111,2
DA:112,1
DA:114,1
DA:116,0
DA:121,1
DA:124,2
DA:125,5
DA:126,0
DA:127,0
DA:133,1
DA:135,2
DA:139,1
DA:143,3
DA:144,1
DA:145,1
DA:146,3
DA:152,1
DA:156,3
DA:157,1
DA:158,1
DA:159,3
LF:60
LH:50
end_of_record
SF:lib\domain\usecases\get_on_the_air_tv_shows.dart
DA:9,1
DA:11,1
DA:12,2
LF:3
LH:3
end_of_record
SF:lib\domain\usecases\get_popular_tv_shows.dart
DA:9,1
DA:11,1
DA:12,2
LF:3
LH:3
end_of_record
SF:lib\domain\usecases\get_top_rated_tv_shows.dart
DA:9,1
DA:11,1
DA:12,2
LF:3
LH:3
end_of_record
SF:lib\domain\usecases\get_tv_season_detail.dart
DA:9,1
DA:11,1
DA:12,2
LF:3
LH:3
end_of_record
SF:lib\domain\usecases\get_tv_show_detail.dart
DA:9,1
DA:11,1
DA:12,2
LF:3
LH:3
end_of_record
SF:lib\domain\usecases\get_tv_show_recommendations.dart
DA:9,1
DA:11,1
DA:12,2
LF:3
LH:3
end_of_record
SF:lib\domain\usecases\get_watchlist_tv_shows.dart
DA:9,1
DA:11,1
DA:12,2
LF:3
LH:3
end_of_record
SF:lib\domain\usecases\get_watchlist_tv_status.dart
DA:6,1
DA:8,1
DA:9,2
LF:3
LH:3
end_of_record
SF:lib\domain\usecases\remove_watchlist_tv.dart
DA:9,1
DA:11,1
DA:12,2
LF:3
LH:3
end_of_record
SF:lib\domain\usecases\save_watchlist_tv.dart
DA:9,1
DA:11,1
DA:12,2
LF:3
LH:3
end_of_record
SF:lib\domain\usecases\search_tv_shows.dart
DA:9,1
DA:11,1
DA:12,2
LF:3
LH:3
end_of_record
SF:lib\presentation\blocs\detail_tv\detail_tv_state.dart
DA:5,4
DA:7,1
DA:8,1
DA:18,3
DA:20,1
DA:21,2
DA:27,3
DA:29,1
DA:30,2
LF:9
LH:9
end_of_record
SF:lib\presentation\blocs\detail_tv\detail_tv_event.dart
DA:5,2
DA:7,0
DA:8,0
DA:14,2
DA:16,0
DA:17,0
LF:6
LH:2
end_of_record
SF:lib\presentation\blocs\detail_tv\detail_tv_bloc.dart
DA:13,1
DA:14,2
DA:15,2
DA:16,2
DA:18,3
DA:20,1
DA:21,4
DA:22,3
LF:8
LH:8
end_of_record
SF:lib\presentation\blocs\on_the_air_tv\on_the_air_tv_state.dart
DA:5,2
DA:7,1
DA:8,1
DA:18,1
DA:20,1
DA:21,2
DA:27,2
DA:29,1
DA:30,2
LF:9
LH:9
end_of_record
SF:lib\presentation\blocs\on_the_air_tv\on_the_air_tv_event.dart
DA:5,1
DA:7,0
DA:8,0
LF:3
LH:1
end_of_record
SF:lib\presentation\blocs\on_the_air_tv\on_the_air_tv_bloc.dart
DA:13,1
DA:14,2
DA:15,2
DA:16,2
DA:18,2
DA:20,1
DA:21,4
DA:22,3
LF:8
LH:8
end_of_record
SF:lib\presentation\blocs\popular_tv\popular_tv_bloc.dart
DA:13,1
DA:14,2
DA:15,2
DA:16,2
DA:18,2
DA:20,1
DA:21,4
DA:22,3
LF:8
LH:8
end_of_record
SF:lib\presentation\blocs\popular_tv\popular_tv_state.dart
DA:5,4
DA:7,1
DA:8,1
DA:18,2
DA:20,1
DA:21,2
DA:27,3
DA:29,1
DA:30,2
LF:9
LH:9
end_of_record
SF:lib\presentation\blocs\popular_tv\popular_tv_event.dart
DA:5,2
DA:7,0
DA:8,0
LF:3
LH:1
end_of_record
SF:lib\presentation\blocs\recommendation_tv\recommendation_tv_state.dart
DA:5,4
DA:7,1
DA:8,1
DA:18,2
DA:20,1
DA:21,2
DA:27,3
DA:29,1
DA:30,2
LF:9
LH:9
end_of_record
SF:lib\presentation\blocs\recommendation_tv\recommendation_tv_event.dart
DA:5,2
DA:7,0
DA:8,0
DA:14,2
DA:16,0
DA:17,0
LF:6
LH:2
end_of_record
SF:lib\presentation\blocs\recommendation_tv\recommendation_tv_bloc.dart
DA:14,1
DA:15,2
DA:16,2
DA:17,2
DA:19,3
DA:21,1
DA:22,4
DA:23,3
LF:8
LH:8
end_of_record
SF:lib\presentation\blocs\top_rated_tv\top_rated_tv_event.dart
DA:5,2
DA:7,0
DA:8,0
LF:3
LH:1
end_of_record
SF:lib\presentation\blocs\top_rated_tv\top_rated_tv_bloc.dart
DA:13,1
DA:14,2
DA:15,2
DA:16,2
DA:18,2
DA:20,1
DA:21,4
DA:22,3
LF:8
LH:8
end_of_record
SF:lib\presentation\blocs\top_rated_tv\top_rated_tv_state.dart
DA:5,4
DA:7,1
DA:8,1
DA:18,3
DA:20,1
DA:21,2
DA:27,2
DA:29,1
DA:30,2
LF:9
LH:9
end_of_record
SF:lib\presentation\blocs\watchlist_status_tv\watchlist_status_tv_state.dart
DA:8,5
DA:13,1
DA:14,2
LF:3
LH:3
end_of_record
SF:lib\presentation\blocs\watchlist_status_tv\watchlist_status_tv_cubit.dart
DA:19,1
DA:23,1
DA:26,1
DA:27,2
DA:28,2
DA:31,1
DA:32,2
DA:33,3
DA:35,1
DA:36,3
DA:37,1
DA:38,2
DA:39,1
DA:43,1
DA:44,2
DA:45,3
DA:47,1
DA:48,3
DA:49,1
DA:50,2
DA:51,1
LF:21
LH:21
end_of_record
SF:lib\presentation\blocs\watchlist_tv\watchlist_tv_state.dart
DA:5,4
DA:7,1
DA:8,1
DA:18,2
DA:20,1
DA:21,2
DA:27,3
DA:29,1
DA:30,2
LF:9
LH:9
end_of_record
SF:lib\presentation\blocs\watchlist_tv\watchlist_tv_bloc.dart
DA:13,1
DA:14,2
DA:15,2
DA:16,2
DA:18,2
DA:20,1
DA:21,4
DA:22,3
LF:8
LH:8
end_of_record
SF:lib\presentation\blocs\watchlist_tv\watchlist_tv_event.dart
DA:5,2
DA:7,0
DA:8,0
LF:3
LH:1
end_of_record
SF:lib\presentation\blocs\search_tv\search_tv_state.dart
DA:5,4
DA:7,1
DA:8,1
DA:20,2
DA:22,1
DA:23,2
DA:29,3
DA:31,1
DA:32,2
LF:9
LH:9
end_of_record
SF:lib\presentation\blocs\search_tv\search_tv_bloc.dart
DA:14,3
DA:15,2
DA:16,2
DA:18,3
DA:20,1
DA:21,4
DA:22,3
DA:24,1
DA:27,1
DA:28,3
LF:10
LH:10
end_of_record
SF:lib\presentation\blocs\search_tv\search_tv_event.dart
DA:5,1
DA:7,0
DA:8,0
DA:14,1
DA:16,0
DA:17,0
LF:6
LH:2
end_of_record
SF:lib\presentation\pages\popular_tv_page.dart
DA:8,1
DA:10,1
DA:11,1
DA:15,1
DA:17,1
DA:18,1
DA:19,5
DA:22,1
DA:24,1
DA:25,1
DA:28,1
DA:30,1
DA:31,1
DA:32,1
DA:34,1
DA:35,1
DA:36,1
DA:37,2
DA:38,1
DA:40,2
DA:42,1
DA:43,1
DA:45,1
DA:47,0
LF:24
LH:23
end_of_record
SF:lib\presentation\widgets\tv_card_list.dart
DA:9,4
DA:11,4
DA:13,4
DA:15,4
DA:16,0
DA:19,0
DA:21,4
DA:23,4
DA:24,4
DA:25,4
DA:31,4
DA:33,4
DA:34,4
DA:35,8
DA:38,4
DA:41,4
DA:42,8
DA:50,4
DA:55,4
DA:57,4
DA:58,12
DA:60,4
DA:62,0
LF:23
LH:20
end_of_record
SF:lib\presentation\widgets\tv_not_found_widget.dart
DA:7,7
DA:12,0
DA:14,0
DA:15,0
DA:17,0
DA:18,0
DA:20,0
DA:21,0
DA:22,0
LF:9
LH:1
end_of_record
SF:lib\presentation\pages\search_tv_page.dart
DA:9,1
DA:11,1
DA:13,1
DA:14,1
DA:17,1
DA:19,1
DA:21,1
DA:22,1
DA:23,0
DA:24,0
DA:25,0
DA:34,1
DA:36,1
DA:38,1
DA:39,1
DA:40,1
DA:42,1
DA:43,1
DA:44,1
DA:49,1
DA:50,1
DA:52,1
DA:53,1
DA:54,1
DA:56,1
DA:59,1
DA:60,1
DA:61,1
DA:63,1
DA:65,0
LF:30
LH:26
end_of_record
SF:lib\presentation\pages\top_rated_tv_page.dart
DA:8,1
DA:10,1
DA:11,1
DA:15,1
DA:17,1
DA:18,1
DA:19,5
DA:22,1
DA:24,1
DA:25,1
DA:28,1
DA:30,1
DA:31,1
DA:32,1
DA:34,1
DA:35,1
DA:36,1
DA:37,2
DA:38,1
DA:40,2
DA:42,1
DA:43,1
DA:45,2
DA:47,0
LF:24
LH:23
end_of_record
SF:lib\presentation\pages\tv_detail_page.dart
DA:17,1
DA:19,1
DA:20,1
DA:24,1
DA:26,1
DA:28,2
DA:29,6
DA:30,1
DA:31,1
DA:32,4
DA:33,5
DA:37,1
DA:39,1
DA:40,1
DA:41,1
DA:42,1
DA:44,1
DA:45,1
DA:46,2
DA:48,1
DA:49,1
DA:50,1
DA:52,1
DA:54,1
DA:68,1
DA:73,1
DA:75,3
DA:76,1
DA:77,1
DA:78,1
DA:79,3
DA:81,1
DA:83,0
DA:85,1
DA:87,1
DA:89,1
DA:90,1
DA:101,1
DA:102,1
DA:103,1
DA:105,1
DA:107,1
DA:109,1
DA:110,1
DA:111,2
DA:112,1
DA:114,1
DA:116,1
DA:117,1
DA:118,1
DA:119,0
DA:122,0
DA:123,0
DA:126,0
DA:127,0
DA:131,0
DA:132,0
DA:133,0
DA:135,0
DA:138,0
DA:141,0
DA:142,0
DA:143,0
DA:144,0
DA:146,0
DA:148,0
DA:149,0
DA:154,1
DA:156,1
DA:165,4
DA:166,1
DA:167,1
DA:168,1
DA:169,1
DA:175,3
DA:177,4
DA:181,1
DA:183,1
DA:185,1
DA:186,5
DA:189,1
DA:190,4
DA:191,1
DA:194,3
DA:196,1
DA:198,1
DA:200,3
DA:201,1
DA:202,3
DA:204,1
DA:206,1
DA:207,0
DA:208,0
DA:211,0
DA:212,0
DA:214,0
DA:217,1
DA:222,1
DA:223,0
DA:228,1
DA:230,2
DA:232,1
DA:237,0
DA:249,1
DA:251,1
DA:254,1
DA:256,1
DA:257,1
DA:260,1
DA:261,0
DA:263,0
DA:266,1
DA:267,1
DA:269,1
DA:272,1
DA:274,1
DA:276,1
DA:277,1
DA:278,1
DA:279,1
DA:281,1
DA:282,0
DA:283,0
DA:286,0
DA:288,1
DA:293,1
DA:295,2
DA:296,1
DA:302,0
DA:312,0
DA:322,1
DA:324,1
DA:336,1
DA:338,1
DA:341,1
DA:343,0
DA:351,1
DA:353,2
DA:354,3
DA:357,1
DA:361,3
LF:141
LH:108
end_of_record
SF:lib\presentation\pages\watchlist_tv_page.dart
DA:9,1
DA:11,1
DA:12,1
DA:16,1
DA:18,1
DA:19,1
DA:20,5
DA:23,1
DA:25,1
DA:26,4
DA:29,0
DA:31,0
DA:34,1
DA:36,1
DA:37,1
DA:40,1
DA:42,1
DA:43,1
DA:44,1
DA:46,1
DA:47,1
DA:48,1
DA:53,1
DA:54,1
DA:55,1
DA:56,1
DA:58,1
DA:60,1
DA:61,1
DA:63,2
DA:65,0
DA:76,1
DA:78,2
DA:79,1
LF:34
LH:31
end_of_record
